This is pdfTeX, Version 3.1415926-2.5-1.40.14 (TeX Live 2013) (format=pdflatex 2013.9.24)  11 MAR 2014 15:07
entering extended mode
 restricted \write18 enabled.
 %&-line parsing enabled.
**HW_4.tex
(./HW_4.tex
LaTeX2e <2011/06/27>
Babel <3.9f> and hyphenation patterns for 78 languages loaded.
(/usr/local/texlive/2013/texmf-dist/tex/latex/base/article.cls
Document Class: article 2007/10/19 v1.4h Standard LaTeX document class
(/usr/local/texlive/2013/texmf-dist/tex/latex/base/size10.clo
File: size10.clo 2007/10/19 v1.4h Standard LaTeX file (size option)
)
\c@part=\count79
\c@section=\count80
\c@subsection=\count81
\c@subsubsection=\count82
\c@paragraph=\count83
\c@subparagraph=\count84
\c@figure=\count85
\c@table=\count86
\abovecaptionskip=\skip41
\belowcaptionskip=\skip42
\bibindent=\dimen102
)
(/usr/local/texlive/2013/texmf-dist/tex/latex/graphics/graphicx.sty
Package: graphicx 1999/02/16 v1.0f Enhanced LaTeX Graphics (DPC,SPQR)

(/usr/local/texlive/2013/texmf-dist/tex/latex/graphics/keyval.sty
Package: keyval 1999/03/16 v1.13 key=value parser (DPC)
\KV@toks@=\toks14
)
(/usr/local/texlive/2013/texmf-dist/tex/latex/graphics/graphics.sty
Package: graphics 2009/02/05 v1.0o Standard LaTeX Graphics (DPC,SPQR)

(/usr/local/texlive/2013/texmf-dist/tex/latex/graphics/trig.sty
Package: trig 1999/03/16 v1.09 sin cos tan (DPC)
)
(/usr/local/texlive/2013/texmf-dist/tex/latex/latexconfig/graphics.cfg
File: graphics.cfg 2010/04/23 v1.9 graphics configuration of TeX Live
)
Package graphics Info: Driver file: pdftex.def on input line 91.

(/usr/local/texlive/2013/texmf-dist/tex/latex/pdftex-def/pdftex.def
File: pdftex.def 2011/05/27 v0.06d Graphics/color for pdfTeX

(/usr/local/texlive/2013/texmf-dist/tex/generic/oberdiek/infwarerr.sty
Package: infwarerr 2010/04/08 v1.3 Providing info/warning/error messages (HO)
)
(/usr/local/texlive/2013/texmf-dist/tex/generic/oberdiek/ltxcmds.sty
Package: ltxcmds 2011/11/09 v1.22 LaTeX kernel commands for general use (HO)
)
\Gread@gobject=\count87
))
\Gin@req@height=\dimen103
\Gin@req@width=\dimen104
)
(/usr/local/texlive/2013/texmf-dist/tex/latex/graphics/color.sty
Package: color 2005/11/14 v1.0j Standard LaTeX Color (DPC)

(/usr/local/texlive/2013/texmf-dist/tex/latex/latexconfig/color.cfg
File: color.cfg 2007/01/18 v1.5 color configuration of teTeX/TeXLive
)
Package color Info: Driver file: pdftex.def on input line 130.
)
(/usr/local/texlive/2013/texmf-dist/tex/latex/framed/framed.sty
Package: framed 2011/10/22 v 0.96: framed or shaded text with page breaks
\OuterFrameSep=\skip43
\fb@frw=\dimen105
\fb@frh=\dimen106
\FrameRule=\dimen107
\FrameSep=\dimen108
)
(/usr/local/texlive/2013/texmf-dist/tex/latex/base/alltt.sty
Package: alltt 1997/06/16 v2.0g defines alltt environment
)
(/usr/local/texlive/2013/texmf-dist/tex/latex/psnfss/mathpazo.sty
Package: mathpazo 2005/04/12 PSNFSS-v9.2a Palatino w/ Pazo Math (D.Puga, WaS) 
\symupright=\mathgroup4
)
(/usr/local/texlive/2013/texmf-dist/tex/latex/base/fontenc.sty
Package: fontenc 2005/09/27 v1.99g Standard LaTeX package

(/usr/local/texlive/2013/texmf-dist/tex/latex/base/t1enc.def
File: t1enc.def 2005/09/27 v1.99g Standard LaTeX file
LaTeX Font Info:    Redeclaring font encoding T1 on input line 43.
))
(/usr/local/texlive/2013/texmf-dist/tex/latex/geometry/geometry.sty
Package: geometry 2010/09/12 v5.6 Page Geometry

(/usr/local/texlive/2013/texmf-dist/tex/generic/oberdiek/ifpdf.sty
Package: ifpdf 2011/01/30 v2.3 Provides the ifpdf switch (HO)
Package ifpdf Info: pdfTeX in PDF mode is detected.
)
(/usr/local/texlive/2013/texmf-dist/tex/generic/oberdiek/ifvtex.sty
Package: ifvtex 2010/03/01 v1.5 Detect VTeX and its facilities (HO)
Package ifvtex Info: VTeX not detected.
)
(/usr/local/texlive/2013/texmf-dist/tex/generic/ifxetex/ifxetex.sty
Package: ifxetex 2010/09/12 v0.6 Provides ifxetex conditional
)
\Gm@cnth=\count88
\Gm@cntv=\count89
\c@Gm@tempcnt=\count90
\Gm@bindingoffset=\dimen109
\Gm@wd@mp=\dimen110
\Gm@odd@mp=\dimen111
\Gm@even@mp=\dimen112
\Gm@layoutwidth=\dimen113
\Gm@layoutheight=\dimen114
\Gm@layouthoffset=\dimen115
\Gm@layoutvoffset=\dimen116
\Gm@dimlist=\toks15
)
(/usr/local/texlive/2013/texmf-dist/tex/latex/amsfonts/amssymb.sty
Package: amssymb 2013/01/14 v3.01 AMS font symbols

(/usr/local/texlive/2013/texmf-dist/tex/latex/amsfonts/amsfonts.sty
Package: amsfonts 2013/01/14 v3.01 Basic AMSFonts support
\@emptytoks=\toks16
\symAMSa=\mathgroup5
\symAMSb=\mathgroup6
LaTeX Font Info:    Overwriting math alphabet `\mathfrak' in version `bold'
(Font)                  U/euf/m/n --> U/euf/b/n on input line 106.
))
(/usr/local/texlive/2013/texmf-dist/tex/latex/url/url.sty
\Urlmuskip=\muskip10
Package: url 2006/04/12  ver 3.3  Verb mode for urls, etc.
)
(/usr/local/texlive/2013/texmf-dist/tex/latex/hyperref/hyperref.sty
Package: hyperref 2012/11/06 v6.83m Hypertext links for LaTeX

(/usr/local/texlive/2013/texmf-dist/tex/generic/oberdiek/hobsub-hyperref.sty
Package: hobsub-hyperref 2012/05/28 v1.13 Bundle oberdiek, subset hyperref (HO)


(/usr/local/texlive/2013/texmf-dist/tex/generic/oberdiek/hobsub-generic.sty
Package: hobsub-generic 2012/05/28 v1.13 Bundle oberdiek, subset generic (HO)
Package: hobsub 2012/05/28 v1.13 Construct package bundles (HO)
Package hobsub Info: Skipping package `infwarerr' (already loaded).
Package hobsub Info: Skipping package `ltxcmds' (already loaded).
Package: ifluatex 2010/03/01 v1.3 Provides the ifluatex switch (HO)
Package ifluatex Info: LuaTeX not detected.
Package hobsub Info: Skipping package `ifvtex' (already loaded).
Package: intcalc 2007/09/27 v1.1 Expandable calculations with integers (HO)
Package hobsub Info: Skipping package `ifpdf' (already loaded).
Package: etexcmds 2011/02/16 v1.5 Avoid name clashes with e-TeX commands (HO)
Package etexcmds Info: Could not find \expanded.
(etexcmds)             That can mean that you are not using pdfTeX 1.50 or
(etexcmds)             that some package has redefined \expanded.
(etexcmds)             In the latter case, load this package earlier.
Package: kvsetkeys 2012/04/25 v1.16 Key value parser (HO)
Package: kvdefinekeys 2011/04/07 v1.3 Define keys (HO)
Package: pdftexcmds 2011/11/29 v0.20 Utility functions of pdfTeX for LuaTeX (HO
)
Package pdftexcmds Info: LuaTeX not detected.
Package pdftexcmds Info: \pdf@primitive is available.
Package pdftexcmds Info: \pdf@ifprimitive is available.
Package pdftexcmds Info: \pdfdraftmode found.
Package: pdfescape 2011/11/25 v1.13 Implements pdfTeX's escape features (HO)
Package: bigintcalc 2012/04/08 v1.3 Expandable calculations on big integers (HO
)
Package: bitset 2011/01/30 v1.1 Handle bit-vector datatype (HO)
Package: uniquecounter 2011/01/30 v1.2 Provide unlimited unique counter (HO)
)
Package hobsub Info: Skipping package `hobsub' (already loaded).
Package: letltxmacro 2010/09/02 v1.4 Let assignment for LaTeX macros (HO)
Package: hopatch 2012/05/28 v1.2 Wrapper for package hooks (HO)
Package: xcolor-patch 2011/01/30 xcolor patch
Package: atveryend 2011/06/30 v1.8 Hooks at the very end of document (HO)
Package atveryend Info: \enddocument detected (standard20110627).
Package: atbegshi 2011/10/05 v1.16 At begin shipout hook (HO)
Package: refcount 2011/10/16 v3.4 Data extraction from label references (HO)
Package: hycolor 2011/01/30 v1.7 Color options for hyperref/bookmark (HO)
)
(/usr/local/texlive/2013/texmf-dist/tex/latex/oberdiek/auxhook.sty
Package: auxhook 2011/03/04 v1.3 Hooks for auxiliary files (HO)
)
(/usr/local/texlive/2013/texmf-dist/tex/latex/oberdiek/kvoptions.sty
Package: kvoptions 2011/06/30 v3.11 Key value format for package options (HO)
)
\@linkdim=\dimen117
\Hy@linkcounter=\count91
\Hy@pagecounter=\count92

(/usr/local/texlive/2013/texmf-dist/tex/latex/hyperref/pd1enc.def
File: pd1enc.def 2012/11/06 v6.83m Hyperref: PDFDocEncoding definition (HO)
)
\Hy@SavedSpaceFactor=\count93

(/usr/local/texlive/2013/texmf-dist/tex/latex/latexconfig/hyperref.cfg
File: hyperref.cfg 2002/06/06 v1.2 hyperref configuration of TeXLive
)
Package hyperref Info: Option `unicode' set `true' on input line 4319.

(/usr/local/texlive/2013/texmf-dist/tex/latex/hyperref/puenc.def
File: puenc.def 2012/11/06 v6.83m Hyperref: PDF Unicode definition (HO)
)
Package hyperref Info: Option `pdfusetitle' set `true' on input line 4319.
Package hyperref Info: Option `bookmarks' set `true' on input line 4319.
Package hyperref Info: Option `bookmarksnumbered' set `true' on input line 4319
.
Package hyperref Info: Option `bookmarksopen' set `true' on input line 4319.
Package hyperref Info: Option `breaklinks' set `false' on input line 4319.
Package hyperref Info: Option `colorlinks' set `false' on input line 4319.
Package hyperref Info: Hyper figures OFF on input line 4443.
Package hyperref Info: Link nesting OFF on input line 4448.
Package hyperref Info: Hyper index ON on input line 4451.
Package hyperref Info: Plain pages OFF on input line 4458.
Package hyperref Info: Backreferencing OFF on input line 4463.
Package hyperref Info: Implicit mode ON; LaTeX internals redefined.
Package hyperref Info: Bookmarks ON on input line 4688.
\c@Hy@tempcnt=\count94
LaTeX Info: Redefining \url on input line 5041.
\XeTeXLinkMargin=\dimen118
\Fld@menulength=\count95
\Field@Width=\dimen119
\Fld@charsize=\dimen120
Package hyperref Info: Hyper figures OFF on input line 6295.
Package hyperref Info: Link nesting OFF on input line 6300.
Package hyperref Info: Hyper index ON on input line 6303.
Package hyperref Info: backreferencing OFF on input line 6310.
Package hyperref Info: Link coloring OFF on input line 6315.
Package hyperref Info: Link coloring with OCG OFF on input line 6320.
Package hyperref Info: PDF/A mode OFF on input line 6325.
LaTeX Info: Redefining \ref on input line 6365.
LaTeX Info: Redefining \pageref on input line 6369.
\Hy@abspage=\count96
\c@Item=\count97
\c@Hfootnote=\count98
)

Package hyperref Message: Driver (autodetected): hpdftex.

(/usr/local/texlive/2013/texmf-dist/tex/latex/hyperref/hpdftex.def
File: hpdftex.def 2012/11/06 v6.83m Hyperref driver for pdfTeX
\Fld@listcount=\count99
\c@bookmark@seq@number=\count100

(/usr/local/texlive/2013/texmf-dist/tex/latex/oberdiek/rerunfilecheck.sty
Package: rerunfilecheck 2011/04/15 v1.7 Rerun checks for auxiliary files (HO)
Package uniquecounter Info: New unique counter `rerunfilecheck' on input line 2
82.
)
\Hy@SectionHShift=\skip44
)
(/usr/local/texlive/2013/texmf-dist/tex/latex/breakurl/breakurl.sty
Package: breakurl 2013/04/10 v1.40 Breakable hyperref URLs

(/usr/local/texlive/2013/texmf-dist/tex/latex/xkeyval/xkeyval.sty
Package: xkeyval 2012/10/14 v2.6b package option processing (HA)

(/usr/local/texlive/2013/texmf-dist/tex/generic/xkeyval/xkeyval.tex
\XKV@toks=\toks17
\XKV@tempa@toks=\toks18
\XKV@depth=\count101
File: xkeyval.tex 2012/10/14 v2.6b key=value parser (HA)
))

Package breakurl Warning: You are using breakurl while processing via pdflatex.

(breakurl)                \burl will be just a synonym of \url.
(breakurl)                 on input line 48.

) (/Library/Frameworks/R.framework/Resources/share/texmf/tex/latex/upquote.sty
Package: upquote 2003/08/11 v1.1 Covington's upright-quote modification to verb
atim and verb

(/usr/local/texlive/2013/texmf-dist/tex/latex/base/textcomp.sty
Package: textcomp 2005/09/27 v1.99g Standard LaTeX package
Package textcomp Info: Sub-encoding information:
(textcomp)               5 = only ISO-Adobe without \textcurrency
(textcomp)               4 = 5 + \texteuro
(textcomp)               3 = 4 + \textohm
(textcomp)               2 = 3 + \textestimated + \textcurrency
(textcomp)               1 = TS1 - \textcircled - \t
(textcomp)               0 = TS1 (full)
(textcomp)             Font families with sub-encoding setting implement
(textcomp)             only a restricted character set as indicated.
(textcomp)             Family '?' is the default used for unknown fonts.
(textcomp)             See the documentation for details.
Package textcomp Info: Setting ? sub-encoding to TS1/1 on input line 71.

(/usr/local/texlive/2013/texmf-dist/tex/latex/base/ts1enc.def
File: ts1enc.def 2001/06/05 v3.0e (jk/car/fm) Standard LaTeX file
)
LaTeX Info: Redefining \oldstylenums on input line 266.
Package textcomp Info: Setting cmr sub-encoding to TS1/0 on input line 281.
Package textcomp Info: Setting cmss sub-encoding to TS1/0 on input line 282.
Package textcomp Info: Setting cmtt sub-encoding to TS1/0 on input line 283.
Package textcomp Info: Setting cmvtt sub-encoding to TS1/0 on input line 284.
Package textcomp Info: Setting cmbr sub-encoding to TS1/0 on input line 285.
Package textcomp Info: Setting cmtl sub-encoding to TS1/0 on input line 286.
Package textcomp Info: Setting ccr sub-encoding to TS1/0 on input line 287.
Package textcomp Info: Setting ptm sub-encoding to TS1/4 on input line 288.
Package textcomp Info: Setting pcr sub-encoding to TS1/4 on input line 289.
Package textcomp Info: Setting phv sub-encoding to TS1/4 on input line 290.
Package textcomp Info: Setting ppl sub-encoding to TS1/3 on input line 291.
Package textcomp Info: Setting pag sub-encoding to TS1/4 on input line 292.
Package textcomp Info: Setting pbk sub-encoding to TS1/4 on input line 293.
Package textcomp Info: Setting pnc sub-encoding to TS1/4 on input line 294.
Package textcomp Info: Setting pzc sub-encoding to TS1/4 on input line 295.
Package textcomp Info: Setting bch sub-encoding to TS1/4 on input line 296.
Package textcomp Info: Setting put sub-encoding to TS1/5 on input line 297.
Package textcomp Info: Setting uag sub-encoding to TS1/5 on input line 298.
Package textcomp Info: Setting ugq sub-encoding to TS1/5 on input line 299.
Package textcomp Info: Setting ul8 sub-encoding to TS1/4 on input line 300.
Package textcomp Info: Setting ul9 sub-encoding to TS1/4 on input line 301.
Package textcomp Info: Setting augie sub-encoding to TS1/5 on input line 302.
Package textcomp Info: Setting dayrom sub-encoding to TS1/3 on input line 303.
Package textcomp Info: Setting dayroms sub-encoding to TS1/3 on input line 304.

Package textcomp Info: Setting pxr sub-encoding to TS1/0 on input line 305.
Package textcomp Info: Setting pxss sub-encoding to TS1/0 on input line 306.
Package textcomp Info: Setting pxtt sub-encoding to TS1/0 on input line 307.
Package textcomp Info: Setting txr sub-encoding to TS1/0 on input line 308.
Package textcomp Info: Setting txss sub-encoding to TS1/0 on input line 309.
Package textcomp Info: Setting txtt sub-encoding to TS1/0 on input line 310.
Package textcomp Info: Setting lmr sub-encoding to TS1/0 on input line 311.
Package textcomp Info: Setting lmdh sub-encoding to TS1/0 on input line 312.
Package textcomp Info: Setting lmss sub-encoding to TS1/0 on input line 313.
Package textcomp Info: Setting lmssq sub-encoding to TS1/0 on input line 314.
Package textcomp Info: Setting lmvtt sub-encoding to TS1/0 on input line 315.
Package textcomp Info: Setting qhv sub-encoding to TS1/0 on input line 316.
Package textcomp Info: Setting qag sub-encoding to TS1/0 on input line 317.
Package textcomp Info: Setting qbk sub-encoding to TS1/0 on input line 318.
Package textcomp Info: Setting qcr sub-encoding to TS1/0 on input line 319.
Package textcomp Info: Setting qcs sub-encoding to TS1/0 on input line 320.
Package textcomp Info: Setting qpl sub-encoding to TS1/0 on input line 321.
Package textcomp Info: Setting qtm sub-encoding to TS1/0 on input line 322.
Package textcomp Info: Setting qzc sub-encoding to TS1/0 on input line 323.
Package textcomp Info: Setting qhvc sub-encoding to TS1/0 on input line 324.
Package textcomp Info: Setting futs sub-encoding to TS1/4 on input line 325.
Package textcomp Info: Setting futx sub-encoding to TS1/4 on input line 326.
Package textcomp Info: Setting futj sub-encoding to TS1/4 on input line 327.
Package textcomp Info: Setting hlh sub-encoding to TS1/3 on input line 328.
Package textcomp Info: Setting hls sub-encoding to TS1/3 on input line 329.
Package textcomp Info: Setting hlst sub-encoding to TS1/3 on input line 330.
Package textcomp Info: Setting hlct sub-encoding to TS1/5 on input line 331.
Package textcomp Info: Setting hlx sub-encoding to TS1/5 on input line 332.
Package textcomp Info: Setting hlce sub-encoding to TS1/5 on input line 333.
Package textcomp Info: Setting hlcn sub-encoding to TS1/5 on input line 334.
Package textcomp Info: Setting hlcw sub-encoding to TS1/5 on input line 335.
Package textcomp Info: Setting hlcf sub-encoding to TS1/5 on input line 336.
Package textcomp Info: Setting pplx sub-encoding to TS1/3 on input line 337.
Package textcomp Info: Setting pplj sub-encoding to TS1/3 on input line 338.
Package textcomp Info: Setting ptmx sub-encoding to TS1/4 on input line 339.
Package textcomp Info: Setting ptmj sub-encoding to TS1/4 on input line 340.
)) (./HW_4.aux)
\openout1 = `HW_4.aux'.

LaTeX Font Info:    Checking defaults for OML/cmm/m/it on input line 67.
LaTeX Font Info:    ... okay on input line 67.
LaTeX Font Info:    Checking defaults for T1/cmr/m/n on input line 67.
LaTeX Font Info:    ... okay on input line 67.
LaTeX Font Info:    Checking defaults for OT1/cmr/m/n on input line 67.
LaTeX Font Info:    ... okay on input line 67.
LaTeX Font Info:    Checking defaults for OMS/cmsy/m/n on input line 67.
LaTeX Font Info:    ... okay on input line 67.
LaTeX Font Info:    Checking defaults for OMX/cmex/m/n on input line 67.
LaTeX Font Info:    ... okay on input line 67.
LaTeX Font Info:    Checking defaults for U/cmr/m/n on input line 67.
LaTeX Font Info:    ... okay on input line 67.
LaTeX Font Info:    Checking defaults for PD1/pdf/m/n on input line 67.
LaTeX Font Info:    ... okay on input line 67.
LaTeX Font Info:    Checking defaults for PU/pdf/m/n on input line 67.
LaTeX Font Info:    ... okay on input line 67.
LaTeX Font Info:    Checking defaults for TS1/cmr/m/n on input line 67.
LaTeX Font Info:    Try loading font information for TS1+cmr on input line 67.

(/usr/local/texlive/2013/texmf-dist/tex/latex/base/ts1cmr.fd
File: ts1cmr.fd 1999/05/25 v2.5h Standard LaTeX font definitions
)
LaTeX Font Info:    ... okay on input line 67.
LaTeX Font Info:    Try loading font information for T1+pplx on input line 67.

(/usr/local/texlive/2013/texmf-dist/tex/latex/psnfss/t1pplx.fd
File: t1pplx.fd 2004/09/06 font definitions for T1/pplx.
)
(/usr/local/texlive/2013/texmf-dist/tex/context/base/supp-pdf.mkii
[Loading MPS to PDF converter (version 2006.09.02).]
\scratchcounter=\count102
\scratchdimen=\dimen121
\scratchbox=\box26
\nofMPsegments=\count103
\nofMParguments=\count104
\everyMPshowfont=\toks19
\MPscratchCnt=\count105
\MPscratchDim=\dimen122
\MPnumerator=\count106
\makeMPintoPDFobject=\count107
\everyMPtoPDFconversion=\toks20
) (/usr/local/texlive/2013/texmf-dist/tex/latex/oberdiek/epstopdf-base.sty
Package: epstopdf-base 2010/02/09 v2.5 Base part for package epstopdf

(/usr/local/texlive/2013/texmf-dist/tex/latex/oberdiek/grfext.sty
Package: grfext 2010/08/19 v1.1 Manage graphics extensions (HO)
)
Package grfext Info: Graphics extension search list:
(grfext)             [.png,.pdf,.jpg,.mps,.jpeg,.jbig2,.jb2,.PNG,.PDF,.JPG,.JPE
G,.JBIG2,.JB2,.eps]
(grfext)             \AppendGraphicsExtensions on input line 452.

(/usr/local/texlive/2013/texmf-dist/tex/latex/latexconfig/epstopdf-sys.cfg
File: epstopdf-sys.cfg 2010/07/13 v1.3 Configuration of (r)epstopdf for TeX Liv
e
))
\big@size=\dimen123

*geometry* driver: auto-detecting
*geometry* detected driver: pdftex

Package geometry Warning: The marginal notes overrun the paper.
     Add 4.86812pt and more to the right margin.

*geometry* verbose mode - [ preamble ] result:
* driver: pdftex
* paper: <default>
* layout: <same size as paper>
* layoutoffset:(h,v)=(0.0pt,0.0pt)
* modes: 
* h-part:(L,W,R)=(71.13188pt, 472.03123pt, 71.13188pt)
* v-part:(T,H,B)=(71.13188pt, 652.70622pt, 71.13188pt)
* \paperwidth=614.295pt
* \paperheight=794.96999pt
* \textwidth=472.03123pt
* \textheight=652.70622pt
* \oddsidemargin=-1.1381pt
* \evensidemargin=-1.1381pt
* \topmargin=-38.1381pt
* \headheight=12.0pt
* \headsep=25.0pt
* \topskip=10.0pt
* \footskip=30.0pt
* \marginparwidth=65.0pt
* \marginparsep=11.0pt
* \columnsep=10.0pt
* \skip\footins=9.0pt plus 4.0pt minus 2.0pt
* \hoffset=0.0pt
* \voffset=0.0pt
* \mag=1000
* \@twocolumnfalse
* \@twosidefalse
* \@mparswitchfalse
* \@reversemarginfalse
* (1in=72.27pt=25.4mm, 1cm=28.453pt)

\AtBeginShipoutBox=\box27
Package hyperref Info: Link coloring OFF on input line 67.
(/usr/local/texlive/2013/texmf-dist/tex/latex/hyperref/nameref.sty
Package: nameref 2012/10/27 v2.43 Cross-referencing by name of section

(/usr/local/texlive/2013/texmf-dist/tex/generic/oberdiek/gettitlestring.sty
Package: gettitlestring 2010/12/03 v1.4 Cleanup title references (HO)
)
\c@section@level=\count108
)
LaTeX Info: Redefining \ref on input line 67.
LaTeX Info: Redefining \pageref on input line 67.
LaTeX Info: Redefining \nameref on input line 67.

(./HW_4.out) (./HW_4.out)
\@outlinefile=\write3
\openout3 = `HW_4.out'.

LaTeX Font Info:    Try loading font information for OT1+pplx on input line 78.


(/usr/local/texlive/2013/texmf-dist/tex/latex/psnfss/ot1pplx.fd
File: ot1pplx.fd 2004/09/06 font definitions for OT1/pplx.
)
LaTeX Font Info:    Try loading font information for OML+zplm on input line 78.


(/usr/local/texlive/2013/texmf-dist/tex/latex/psnfss/omlzplm.fd
File: omlzplm.fd 2002/09/08 Fontinst v1.914 font definitions for OML/zplm.
)
LaTeX Font Info:    Try loading font information for OMS+zplm on input line 78.


(/usr/local/texlive/2013/texmf-dist/tex/latex/psnfss/omszplm.fd
File: omszplm.fd 2002/09/08 Fontinst v1.914 font definitions for OMS/zplm.
)
LaTeX Font Info:    Try loading font information for OMX+zplm on input line 78.


(/usr/local/texlive/2013/texmf-dist/tex/latex/psnfss/omxzplm.fd
File: omxzplm.fd 2002/09/08 Fontinst v1.914 font definitions for OMX/zplm.
)
LaTeX Font Info:    Try loading font information for OT1+zplm on input line 78.


(/usr/local/texlive/2013/texmf-dist/tex/latex/psnfss/ot1zplm.fd
File: ot1zplm.fd 2002/09/08 Fontinst v1.914 font definitions for OT1/zplm.
)
LaTeX Font Info:    Font shape `U/msa/m/n' will be
(Font)              scaled to size 12.50409pt on input line 78.
LaTeX Font Info:    Font shape `U/msa/m/n' will be
(Font)              scaled to size 9.37807pt on input line 78.
LaTeX Font Info:    Font shape `U/msa/m/n' will be
(Font)              scaled to size 7.29405pt on input line 78.
LaTeX Font Info:    Font shape `U/msb/m/n' will be
(Font)              scaled to size 12.50409pt on input line 78.
LaTeX Font Info:    Font shape `U/msb/m/n' will be
(Font)              scaled to size 9.37807pt on input line 78.
LaTeX Font Info:    Font shape `U/msb/m/n' will be
(Font)              scaled to size 7.29405pt on input line 78.
LaTeX Font Info:    Font shape `T1/pplx/bx/n' in size <14.4> not available
(Font)              Font shape `T1/pplx/b/n' tried instead on input line 78.
LaTeX Font Info:    Font shape `T1/pplx/bx/n' in size <12> not available
(Font)              Font shape `T1/pplx/b/n' tried instead on input line 79.
LaTeX Font Info:    Font shape `U/msa/m/n' will be
(Font)              scaled to size 10.42007pt on input line 85.
LaTeX Font Info:    Font shape `U/msa/m/n' will be
(Font)              scaled to size 7.91925pt on input line 85.
LaTeX Font Info:    Font shape `U/msa/m/n' will be
(Font)              scaled to size 6.25204pt on input line 85.
LaTeX Font Info:    Font shape `U/msb/m/n' will be
(Font)              scaled to size 10.42007pt on input line 85.
LaTeX Font Info:    Font shape `U/msb/m/n' will be
(Font)              scaled to size 7.91925pt on input line 85.
LaTeX Font Info:    Font shape `U/msb/m/n' will be
(Font)              scaled to size 6.25204pt on input line 85.

Underfull \hbox (badness 10000) in paragraph at lines 91--92

 []

[1

{/usr/local/texlive/2013/texmf-var/fonts/map/pdftex/updmap/pdftex.map}]
LaTeX Font Info:    Font shape `T1/pplx/bx/n' in size <10> not available
(Font)              Font shape `T1/pplx/b/n' tried instead on input line 92.

Underfull \hbox (badness 10000) in paragraph at lines 93--94

 []

Package color Info: Redefining color shadecolor on input line 113.
[2]
LaTeX Font Info:    Try loading font information for T1+cmtt on input line 114.

 (/usr/local/texlive/2013/texmf-dist/tex/latex/base/t1cmtt.fd
File: t1cmtt.fd 1999/05/25 v2.5h Standard LaTeX font definitions
)
LaTeX Font Info:    Font shape `T1/cmtt/bx/n' in size <10> not available
(Font)              Font shape `T1/cmtt/m/n' tried instead on input line 115.
LaTeX Font Info:    Try loading font information for TS1+cmtt on input line 118
.

(/usr/local/texlive/2013/texmf-dist/tex/latex/base/ts1cmtt.fd
File: ts1cmtt.fd 1999/05/25 v2.5h Standard LaTeX font definitions
)
Overfull \hbox (16.09956pt too wide) in paragraph at lines 186--186
[]\T1/cmtt/m/n/10 ##   [1] 1342 1342 1342 1342 1342 1342 1342 1342 1342 1342 13
42 1342   62 1342 1342 1342 1342[] 
 []


Overfull \hbox (16.09956pt too wide) in paragraph at lines 186--186
[]\T1/cmtt/m/n/10 ##  [18] 1342  721 1342 1342 1342 1342 1342 1342 1342 1342 13
42  945 1342 1342 1342 1342 1342[] 
 []


Overfull \hbox (16.09956pt too wide) in paragraph at lines 186--186
[]\T1/cmtt/m/n/10 ##  [35] 1342 1342  566  776 1342 1342 1342 1342 1342 1342  3
61 1342 1342 1342 1342 1342 1342[] 
 []


Overfull \hbox (16.09956pt too wide) in paragraph at lines 186--186
[]\T1/cmtt/m/n/10 ##  [52] 1342 1342 1342 1342 1342 1342 1342 1342  312 1342  6
88 1342 1342 1342 1342 1342 1342[] 
 []


Overfull \hbox (16.09956pt too wide) in paragraph at lines 186--186
[]\T1/cmtt/m/n/10 ##  [69] 1342 1342 1342 1342 1342 1342 1342 1342 1342 1343 13
42 1342 1342 1342 1342 2684 1342[] 
 []


Overfull \hbox (16.09956pt too wide) in paragraph at lines 186--186
[]\T1/cmtt/m/n/10 ##  [86] 1342 1342 1342 1342 1342  839  193 1342 1342 1342 13
42 1342 1342 1342 1342 1342 1342[] 
 []


Overfull \hbox (16.09956pt too wide) in paragraph at lines 186--186
[]\T1/cmtt/m/n/10 ## [103] 1924 1342 1342 1342 1342 1342 1342 1342 1342 1342 13
42 1342 1342 1342 1342 1342 1342[] 
 []


Overfull \hbox (16.09956pt too wide) in paragraph at lines 186--186
[]\T1/cmtt/m/n/10 ## [120] 1342 1342 1342 1342 1342 1342 1342 1342 1342  229 13
42 1342 1342 1342 1342  787 1342[] 
 []


Overfull \hbox (16.09956pt too wide) in paragraph at lines 186--186
[]\T1/cmtt/m/n/10 ## [137] 1342 1342 1342 1342  280 1342 1342 1342 1342 1342 13
42 1174 1342 1342 1342 1342 1342[] 
 []


Overfull \hbox (16.09956pt too wide) in paragraph at lines 186--186
[]\T1/cmtt/m/n/10 ## [154] 1342  258 1342 1342 1342 1342 1342 1342 1342 1342 13
42 1342 1342 1342 1342 1084 1342[] 
 []


Overfull \hbox (16.09956pt too wide) in paragraph at lines 186--186
[]\T1/cmtt/m/n/10 ## [171] 1343 1342 1342 1342 1342 1342 1342 1342 1342 1342 13
42 1342 1342 1342 1342 1342 1342[] 
 []


Overfull \hbox (16.09956pt too wide) in paragraph at lines 186--186
[]\T1/cmtt/m/n/10 ## [188] 1342 1342 1342 1342 1342 1030 1241 1342  706 1342 13
42 1342 1113 1339 1342 1342 1342[] 
 []


Overfull \hbox (16.09956pt too wide) in paragraph at lines 186--186
[]\T1/cmtt/m/n/10 ## [205]   20 1342 1342 1342  971 1342 1342 1342 1342 1342 13
42 1342 1342 1342 1342 1096 1342[] 
 []


Overfull \hbox (16.09956pt too wide) in paragraph at lines 186--186
[]\T1/cmtt/m/n/10 ## [222] 1342 1342 1342 1342 1342 1342 1342 1342 1342 1342 13
42 1342 1342 1342 1342 1342 1342[] 
 []


Overfull \hbox (16.09956pt too wide) in paragraph at lines 186--186
[]\T1/cmtt/m/n/10 ## [239] 1342 1342 1342 1342 1342 1342 1342 1342 1342 1342 13
42 1342 1342 1342 1342  310 1342[] 
 []


Overfull \hbox (16.09956pt too wide) in paragraph at lines 186--186
[]\T1/cmtt/m/n/10 ## [256] 1342 1342 1342 1342 1342 1342 1342  268 1074 1342 13
42 1342 1342 1281 1342 1342 1342[] 
 []


Overfull \hbox (16.09956pt too wide) in paragraph at lines 186--186
[]\T1/cmtt/m/n/10 ## [273]  475 1342 1342 1342   61 1342 1342 1140 1342 2684 13
42 1032 1342 1342 1342 1342 1342[] 
 []


Overfull \hbox (16.09956pt too wide) in paragraph at lines 186--186
[]\T1/cmtt/m/n/10 ## [290] 1342  177 1149 1342 1342 1342 1342  202 1342 1342  5
95 1342 1342 1342 1342 1342 1342[] 
 []


Overfull \hbox (16.09956pt too wide) in paragraph at lines 186--186
[]\T1/cmtt/m/n/10 ## [307] 1342 1342 1342 1342   61 1342  945 1342  979 2684 13
42 1342  546 1342 1342 1342 1342[] 
 []


Overfull \hbox (16.09956pt too wide) in paragraph at lines 186--186
[]\T1/cmtt/m/n/10 ## [324]  841  377 1342 1342 1342 1343 1342  602 1342 1342 13
42  119 1342 1042  583 1342 1342[] 
 []


Overfull \hbox (16.09956pt too wide) in paragraph at lines 186--186
[]\T1/cmtt/m/n/10 ## [341] 1342 1342 1342  636 1342 1342 1342 1343 1342 1342 13
42 1342 1342  344 1342 1342 1342[] 
 []


Overfull \hbox (16.09956pt too wide) in paragraph at lines 186--186
[]\T1/cmtt/m/n/10 ## [358] 1342 1342 1342  333 1009  162 1342 1342 1342 1342 13
42 1342 1342 1342 1342 1342 1342[] 
 []


Overfull \hbox (16.09956pt too wide) in paragraph at lines 186--186
[]\T1/cmtt/m/n/10 ## [375] 1342 1342 1342 1342 1342 1342 1342 1342 1342 1342 13
42 1342 1342 1342 1342 1342 1343[] 
 []


Overfull \hbox (16.09956pt too wide) in paragraph at lines 186--186
[]\T1/cmtt/m/n/10 ## [392] 1342   43 1199 1342 1344 1342 1342 1342 1342 1342 13
42 1342  168 1342 1342 1342 1342[] 
 []


Overfull \hbox (16.09956pt too wide) in paragraph at lines 186--186
[]\T1/cmtt/m/n/10 ## [409] 1342  630 1342 1342 1342 1342 1342 1342 1342 1342 13
42 1342 1342 1342 1342 1342 1342[] 
 []


Overfull \hbox (16.09956pt too wide) in paragraph at lines 186--186
[]\T1/cmtt/m/n/10 ## [426] 1342 1342 1342 1342 1342 1342 1342 1342 1342 1342 13
42 1342 1342 1135  654 1342 1342[] 
 []


Overfull \hbox (16.09956pt too wide) in paragraph at lines 186--186
[]\T1/cmtt/m/n/10 ## [443] 1342 1342 1342 1342 1342 1342 1342 2684 1342 1342 13
42 1342 1342 1342 1342 2684 1324[] 
 []


Overfull \hbox (16.09956pt too wide) in paragraph at lines 186--186
[]\T1/cmtt/m/n/10 ## [460] 1342 1342 1342 1342 1342 1342 1342 1342 1342 1342  2
57 1342 1342 1342 1342 1342 1342[] 
 []


Overfull \hbox (16.09956pt too wide) in paragraph at lines 186--186
[]\T1/cmtt/m/n/10 ## [477] 1342 1343 1342 1342 1342 1342 1342 1342 1342 1342 13
42 1206 1342 1342 1071  271 1342[] 
 []


Overfull \hbox (16.09956pt too wide) in paragraph at lines 186--186
[]\T1/cmtt/m/n/10 ## [494] 1342 1342 1342 1342 1342 1342 1342 1342 1342 1342  4
16  926 1342 1342 1342 1128 1342[] 
 []


Overfull \hbox (16.09956pt too wide) in paragraph at lines 186--186
[]\T1/cmtt/m/n/10 ## [511]  484 1342 1342  250 1342 1342 1342 1342 1342 1342 13
42 1342 1342 1342 1342  292 1342[] 
 []


Overfull \hbox (7.33781pt too wide) in paragraph at lines 206--206
[][]\T1/cmtt/m/it/10 # Now we want to check if the date of stock price match th
e date on which there are records[][] 
 []


Overfull \hbox (21.34828pt too wide) in paragraph at lines 224--224
[]    []\T1/cmtt/m/n/10 glmnet_fit[] []<-[] []glmnet[][](price, y,[] []family[]
 []=[] []c[][]([][]"gaussian"[][]),[] []standardize[] []=[] []FALSE[][],[] []nl
ambda[] []=[] []100[][],[][] 
 []


Overfull \hbox (31.84572pt too wide) in paragraph at lines 227--227
[]    []\T1/cmtt/m/n/10 predict_glmnet[] []<-[] []predict[][](glmnet_fit,[] []n
ewx[] []= price,[] []s[] []= cv_glmnet[][]$[][]lambda.min,[] []type[] []=[] []"
link"[][])[][] 
 []


Overfull \hbox (63.33803pt too wide) in paragraph at lines 235--235
[][]\T1/cmtt/m/n/10 plot[][]([][]x[] []= alpha,[] []y[] []= alpha_test_error,[]
 []main[] []=[] []"Error Over Different Alpha"[][],[] []type[] []=[] []"b"[][],
[] []xlab[] []=[] []"alpha"[][],[][] 
 []

[3] <figure/minimal-Stock1.pdf, id=37, 505.89pt x 505.89pt>
File: figure/minimal-Stock1.pdf Graphic file (type pdf)

<use figure/minimal-Stock1.pdf>
Package pdftex.def Info: figure/minimal-Stock1.pdf used on input line 240.
(pdftex.def)             Requested size: 472.03123pt x 472.03983pt.

Overfull \hbox (15.0pt too wide) in paragraph at lines 240--241
[][] 
 []

[4]
Overfull \hbox (16.09956pt too wide) in paragraph at lines 243--243
[][]\T1/cmtt/m/n/10 glmnet_fit[] []<-[] []glmnet[][](price, spindex,[] []family
[] []=[] []"gaussian"[][],[] []standardize[] []=[] []FALSE[][],[] []nlambda[] [
]=[] []100[][],[][] 
 []

<figure/minimal-Stock2.pdf, id=42, 505.89pt x 505.89pt>
File: figure/minimal-Stock2.pdf Graphic file (type pdf)

<use figure/minimal-Stock2.pdf>
Package pdftex.def Info: figure/minimal-Stock2.pdf used on input line 248.
(pdftex.def)             Requested size: 472.03123pt x 472.03983pt.

Overfull \hbox (15.0pt too wide) in paragraph at lines 248--249
[][] 
 []

[5 <./figure/minimal-Stock1.pdf>]
Overfull \hbox (21.34828pt too wide) in paragraph at lines 250--250
[][]\T1/cmtt/m/n/10 cv_glmnet[] []<-[] []cv.glmnet[][](price, spindex,[] []type
.measure[] []=[] []"mse"[][],[] []family[] []=[] []"gaussian"[][],[] []alpha[] 
[]=[] []0.7[][],[][] 
 []

<figure/minimal-Stock3.pdf, id=53, 505.89pt x 505.89pt>
File: figure/minimal-Stock3.pdf Graphic file (type pdf)

<use figure/minimal-Stock3.pdf>
Package pdftex.def Info: figure/minimal-Stock3.pdf used on input line 255.
(pdftex.def)             Requested size: 472.03123pt x 472.03983pt.

Overfull \hbox (15.0pt too wide) in paragraph at lines 255--256
[][] 
 []

[6 <./figure/minimal-Stock2.pdf>]
Overfull \hbox (10.85085pt too wide) in paragraph at lines 257--257
[][]\T1/cmtt/m/n/10 predict_glmnet[] []<-[] []predict[][](glmnet_fit,[] []newx[
] []= price,[] []s[] []= cv_glmnet[][]$[][]lambda.min,[] []type[] []=[] []"link
"[][])[][] 
 []


Overfull \hbox (37.09444pt too wide) in paragraph at lines 259--259
[][]\T1/cmtt/m/n/10 coef_glmnet[] []<-[] []predict[][](glmnet_fit,[] []newx[] [
]= price,[] []s[] []= cv_glmnet[][]$[][]lambda.min,[] []type[] []=[] []"coeffic
ients"[][])[][] 
 []

<figure/minimal-Stock4.pdf, id=63, 505.89pt x 505.89pt>
File: figure/minimal-Stock4.pdf Graphic file (type pdf)

<use figure/minimal-Stock4.pdf>
Package pdftex.def Info: figure/minimal-Stock4.pdf used on input line 264.
(pdftex.def)             Requested size: 472.03123pt x 472.03983pt.

Overfull \hbox (15.0pt too wide) in paragraph at lines 264--265
[][] 
 []

[7 <./figure/minimal-Stock3.pdf>]
Overfull \hbox (0.35341pt too wide) in paragraph at lines 306--306
[]    []\T1/cmtt/m/n/10 glmnet.fit[] []<-[] []glmnet[][](X, Y,[] []family[] []=
[] []c[][]([][]"gaussian"[][]),[] []standardize[] []=[] []FALSE[][],[] []nlambd
a[] []=[] []100[][],[][] 
 []


Overfull \hbox (31.84572pt too wide) in paragraph at lines 313--313
[]    []\T1/cmtt/m/n/10 return[][]([][]list[][]([][]lambda[] []= lambda,[] []pr
ediction[] []=[] []as.numeric[][](prediction),[] []coefficient[] []= coefficien
t,[][] 
 []


Overfull \hbox (16.09956pt too wide) in paragraph at lines 337--337
[]\T1/cmtt/m/n/10 ## [1] "BORGWARNER INC"             "C M E GROUP INC"        
    "CAMERON INTERNATIONAL CORP"[] 
 []


Overfull \hbox (63.33803pt too wide) in paragraph at lines 393--393
[][]\T1/cmtt/m/n/10 plot[][](CME,[] []main[] []=[] []"CME weights in replicatin
g S&P500 index"[][],[] []type[] []=[] []"b"[][],[] []xlab[] []=[] []"Different 
portfolios"[][])[][] 
 []

[8 <./figure/minimal-Stock4.pdf>] [9]
<figure/minimal-Stock5.pdf, id=88, 505.89pt x 505.89pt>
File: figure/minimal-Stock5.pdf Graphic file (type pdf)

<use figure/minimal-Stock5.pdf>
Package pdftex.def Info: figure/minimal-Stock5.pdf used on input line 396.
(pdftex.def)             Requested size: 472.03123pt x 472.03983pt.

Overfull \hbox (15.0pt too wide) in paragraph at lines 396--397
[][] 
 []

[10]
Overfull \hbox (163.06367pt too wide) in paragraph at lines 404--404
[][]\T1/cmtt/m/n/10 plot[][](number_comp,[] []main[] []=[] []"Number of Compani
es in Portfolio & SP500 Index"[][],[] []type[] []=[] []"b"[][],[] []xlab[] []=[
] []"Portfolios Every 60 Days"[][])[][] 
 []

<figure/minimal-Stock6.pdf, id=93, 505.89pt x 505.89pt>
File: figure/minimal-Stock6.pdf Graphic file (type pdf)

<use figure/minimal-Stock6.pdf>
Package pdftex.def Info: figure/minimal-Stock6.pdf used on input line 407.
(pdftex.def)             Requested size: 472.03123pt x 472.03983pt.

Overfull \hbox (15.0pt too wide) in paragraph at lines 407--408
[][] 
 []

[11 <./figure/minimal-Stock5.pdf>]
Overfull \hbox (10.85085pt too wide) in paragraph at lines 410--410
[][]\T1/cmtt/m/n/10 Return.lasso[] []<-[] []glmnet[][](price, SPReturn,[] []fam
ily[] []=[] []"gaussian"[][],[] []standardize[] []=[] []FALSE[][],[] []alpha[] 
[]=[] []1[][])[][] 
 []

<figure/minimal-Stock7.pdf, id=104, 505.89pt x 505.89pt>
File: figure/minimal-Stock7.pdf Graphic file (type pdf)

<use figure/minimal-Stock7.pdf>
Package pdftex.def Info: figure/minimal-Stock7.pdf used on input line 415.
(pdftex.def)             Requested size: 472.03123pt x 472.03983pt.

Overfull \hbox (15.0pt too wide) in paragraph at lines 415--416
[][] 
 []

[12 <./figure/minimal-Stock6.pdf>]
Overfull \hbox (0.35341pt too wide) in paragraph at lines 427--427
[]    []\T1/cmtt/m/n/10 glmnet.fit[] []<-[] []glmnet[][](X, Y,[] []family[] []=
[] []c[][]([][]"gaussian"[][]),[] []standardize[] []=[] []FALSE[][],[] []nlambd
a[] []=[] []100[][],[][] 
 []


Overfull \hbox (31.84572pt too wide) in paragraph at lines 434--434
[]    []\T1/cmtt/m/n/10 return[][]([][]list[][]([][]lambda[] []= lambda,[] []pr
ediction[] []=[] []as.numeric[][](prediction),[] []coefficient[] []= coefficien
t,[][] 
 []


Overfull \hbox (21.34828pt too wide) in paragraph at lines 588--588
[][]\T1/cmtt/m/n/10 plot[][](number_comp_return,[] []main[] []=[] []"Number of 
Companies in Portfolio & SP500 Return"[][],[] []type[] []=[] []"b"[][],[][] 
 []

[13 <./figure/minimal-Stock7.pdf>] [14] [15]
<figure/minimal-Stock8.pdf, id=134, 505.89pt x 505.89pt>
File: figure/minimal-Stock8.pdf Graphic file (type pdf)

<use figure/minimal-Stock8.pdf>
Package pdftex.def Info: figure/minimal-Stock8.pdf used on input line 592.
(pdftex.def)             Requested size: 472.03123pt x 472.03983pt.

Overfull \hbox (15.0pt too wide) in paragraph at lines 592--593
[][] 
 []

[16]
Overfull \hbox (26.597pt too wide) in paragraph at lines 610--610
[][]\T1/cmtt/m/n/10 sp500_ridge[] []<-[] []glmnet[][](price[[][]1[][]:[][]800[]
[], ], spindex[[][]1[][]:[][]800[][]],[] []standardize[] []=[] []FALSE[][],[] [
]family[] []=[] []"gaussian"[][],[][] 
 []


Overfull \hbox (31.84572pt too wide) in paragraph at lines 612--612
[][]\T1/cmtt/m/n/10 ridge.cv[] []<-[] []cv.glmnet[][](price[[][]1[][]:[][]800[]
[], ], spindex[[][]1[][]:[][]800[][]],[] []family[] []=[] []"gaussian"[][],[] [
]type.measure[] []=[] []"mse"[][],[][] 
 []

[17 <./figure/minimal-Stock8.pdf>]
Package color Info: Redefining color shadecolor on input line 626.

Overfull \hbox (52.84059pt too wide) in paragraph at lines 725--725
[][]\T1/cmtt/m/n/10 cv.lasso[] []<-[] []cv.glmnet[][]([][]as.matrix[][](X_train
), Response_train,[] []family[] []=[] []"binomial"[][],[] []type.measure[] []=[
] []"mse"[][])[][] 
 []

[18] <figure/minimal-SouthAfrica1.pdf, id=156, 505.89pt x 505.89pt>
File: figure/minimal-SouthAfrica1.pdf Graphic file (type pdf)

<use figure/minimal-SouthAfrica1.pdf>
Package pdftex.def Info: figure/minimal-SouthAfrica1.pdf used on input line 729
.
(pdftex.def)             Requested size: 472.03123pt x 472.03983pt.

Overfull \hbox (15.0pt too wide) in paragraph at lines 729--730
[][] 
 []

[19]
Overfull \hbox (0.35341pt too wide) in paragraph at lines 731--731
[][]\T1/cmtt/m/n/10 lasso_train[] []<-[] []predict[][](lasso,[] []as.matrix[][]
(X_train),[] []s[] []= cv.lasso[][]$[][]lambda.min,[] []type[] []=[] []"class"[
][])[][] 
 []


Overfull \hbox (47.59187pt too wide) in paragraph at lines 732--732
[][]\T1/cmtt/m/n/10 Train.error[[][]4[][], ][] []<-[] []sum[][]([][]as.factor[]
[](lasso_train)[] []!=[] []as.factor[][](Response_train))[][]/[][]length[][](Re
sponse_train)[][] 
 []


Overfull \hbox (26.597pt too wide) in paragraph at lines 740--740
[][]\T1/cmtt/m/n/10 Test.error[[][]4[][], ][] []<-[] []sum[][]([][]as.factor[][
](lasso_test)[] []!=[] []as.factor[][](Response_test))[][]/[][]length[][](Respo
nse_test)[][] 
 []


Overfull \hbox (0.35341pt too wide) in paragraph at lines 756--756
[][]\T1/cmtt/m/n/10 with[][]([][]plot[][](Train.error,[] []type[] []=[] []"b"[]
[],[] []main[] []=[] []"Training and Test Error"[][],[] []ylim[] []=[] []c[][](
[][]0.2[][],[] []0.33[][])),[][] 
 []

[20 <./figure/minimal-SouthAfrica1.pdf>]
<figure/minimal-SouthAfrica2.pdf, id=171, 505.89pt x 505.89pt>
File: figure/minimal-SouthAfrica2.pdf Graphic file (type pdf)

<use figure/minimal-SouthAfrica2.pdf>
Package pdftex.def Info: figure/minimal-SouthAfrica2.pdf used on input line 762
.
(pdftex.def)             Requested size: 472.03123pt x 472.03983pt.

Overfull \hbox (15.0pt too wide) in paragraph at lines 762--763
[][] 
 []


Overfull \hbox (26.597pt too wide) in paragraph at lines 764--764
[][]\T1/cmtt/m/n/10 FPFN[] []<-[] []rbind[][]([][]fpfn[][](LDA_test, Response_t
est),[] []fpfn[][](QDA_test, Response_test),[] []fpfn[][](logistic_test,[][] 
 []


Overfull \hbox (16.09956pt too wide) in paragraph at lines 767--767
[][]\T1/cmtt/m/n/10 with[][]([][]plot[][](FPFN,[] []main[] []=[] []"False Posit
ive & False Negative"[][],[] []ylim[] []=[] []c[][]([][]15[][],[] []40[][]),[] 
[]xlim[] []=[] []c[][]([][]5[][],[] []35[][])),[][] 
 []


Overfull \hbox (16.09956pt too wide) in paragraph at lines 768--768
[]    []\T1/cmtt/m/n/10 text[][]([][]x[] []= FPFN[,[] []1[][]],[] []y[] []= FPF
N[,[] []2[][]],[] []labels[] []=[] []c[][]([][]"LDA"[][],[] []"QDA"[][],[] []"L
ogit"[][],[] []"Logit with Lasso"[][]),[][] 
 []

[21 <./figure/minimal-SouthAfrica2.pdf>]
<figure/minimal-SouthAfrica3.pdf, id=182, 505.89pt x 505.89pt>
File: figure/minimal-SouthAfrica3.pdf Graphic file (type pdf)

<use figure/minimal-SouthAfrica3.pdf>
Package pdftex.def Info: figure/minimal-SouthAfrica3.pdf used on input line 772
.
(pdftex.def)             Requested size: 472.03123pt x 472.03983pt.

Overfull \hbox (15.0pt too wide) in paragraph at lines 772--773
[][] 
 []

Package atveryend Info: Empty hook `BeforeClearDocument' on input line 777.
[22 <./figure/minimal-SouthAfrica3.pdf>]
Package atveryend Info: Empty hook `AfterLastShipout' on input line 777.
 (./HW_4.aux)
Package atveryend Info: Executing hook `AtVeryEndDocument' on input line 777.
Package atveryend Info: Executing hook `AtEndAfterFileList' on input line 777.
Package rerunfilecheck Info: File `HW_4.out' has not changed.
(rerunfilecheck)             Checksum: D41D8CD98F00B204E9800998ECF8427E;0.
Package atveryend Info: Empty hook `AtVeryVeryEnd' on input line 777.
 ) 
Here is how much of TeX's memory you used:
 10177 strings out of 493315
 144767 string characters out of 6137904
 241018 words of memory out of 5000000
 13455 multiletter control sequences out of 15000+600000
 40461 words of font info for 89 fonts, out of 8000000 for 9000
 957 hyphenation exceptions out of 8191
 30i,6n,35p,1167b,382s stack positions out of 5000i,500n,10000p,200000b,80000s
{/usr/local/texlive/2013/texmf-dist/fonts/enc/dvips/cm-super/cm-super-ts1.enc
}{/usr/local/texlive/2013/texmf-dist/fonts/enc/dvips/cm-super/cm-super-t1.enc}{
/usr/local/texlive/2013/texmf-dist/fonts/enc/dvips/base/8r.enc}</usr/local/texl
ive/2013/texmf-dist/fonts/type1/public/amsfonts/cm/cmr10.pfb></usr/local/texliv
e/2013/texmf-dist/fonts/type1/public/amsfonts/cm/cmsy10.pfb></usr/local/texlive
/2013/texmf-dist/fonts/type1/public/mathpazo/fplmri.pfb></usr/local/texlive/201
3/texmf-dist/fonts/type1/public/cm-super/sfit1000.pfb></usr/local/texlive/2013/
texmf-dist/fonts/type1/public/cm-super/sftt1000.pfb></usr/local/texlive/2013/te
xmf-dist/fonts/type1/urw/palatino/uplb8a.pfb></usr/local/texlive/2013/texmf-dis
t/fonts/type1/urw/palatino/uplr8a.pfb></usr/local/texlive/2013/texmf-dist/fonts
/type1/urw/palatino/uplri8a.pfb>
Output written on HW_4.pdf (22 pages, 322910 bytes).
PDF statistics:
 233 PDF objects out of 1000 (max. 8388607)
 177 compressed objects within 2 object streams
 35 named destinations out of 1000 (max. 500000)
 56 words of extra memory for PDF output out of 10000 (max. 10000000)

